<?xml version="1.0" encoding="UTF-8"?>
<testsuite xmlns:xsi="http://www.w3.org/2001/XMLSchema-instance" xsi:noNamespaceSchemaLocation="https://maven.apache.org/surefire/maven-failsafe-plugin/xsd/failsafe-test-report-3.0.xsd" version="3.0" name="com.endava.calculator.CalculatorTestIT" time="0.425" tests="23" errors="2" skipped="0" failures="2">
  <properties>
[...]
</properties>
  <testcase name="shouldUsePowWith0Base" classname="com.endava.calculator.CalculatorTestIT" time="0.049">
    <system-out><![CDATA[Before All

Before Each
09:24:26.988 [main] INFO  com.endava.extensions.TestREporterExtension - Starting test CalculatorTestIT/shouldUsePowWith0Base()
09:24:27.004 [main] INFO  com.endava.extensions.TestREporterExtension - Finishing test CalculatorTestIT/shouldUsePowWith0Base()
After Each

]]></system-out>
  </testcase>
  <testcase name="shouldMultiplyNoOperands" classname="com.endava.calculator.CalculatorTestIT" time="0.003">
    <system-out><![CDATA[
Before Each
09:24:27.021 [main] INFO  com.endava.extensions.TestREporterExtension - Starting test CalculatorTestIT/shouldMultiplyNoOperands()
09:24:27.022 [main] INFO  com.endava.extensions.TestREporterExtension - Finishing test CalculatorTestIT/shouldMultiplyNoOperands()
After Each

]]></system-out>
  </testcase>
  <testcase name="shouldUsePowWithExponentNegativeNumbers" classname="com.endava.calculator.CalculatorTestIT" time="0.006">
    <system-out><![CDATA[
Before Each
09:24:27.025 [main] INFO  com.endava.extensions.TestREporterExtension - Starting test CalculatorTestIT/shouldUsePowWithExponentNegativeNumbers()
09:24:27.029 [main] INFO  com.endava.extensions.TestREporterExtension - Finishing test CalculatorTestIT/shouldUsePowWithExponentNegativeNumbers()
After Each

]]></system-out>
  </testcase>
  <testcase name="shouldAddBigNumbers" classname="com.endava.calculator.CalculatorTestIT" time="0.009">
    <system-out><![CDATA[
Before Each
09:24:27.033 [main] INFO  com.endava.extensions.TestREporterExtension - Starting test CalculatorTestIT/test that adds a big number as : MAX INT
09:24:27.041 [main] INFO  com.endava.extensions.TestREporterExtension - Finishing test CalculatorTestIT/test that adds a big number as : MAX INT
After Each

]]></system-out>
  </testcase>
  <testcase name="shouldAddNumberGivenOperand0(int, int, long)[1]" classname="com.endava.calculator.CalculatorTestIT" time="0.038">
    <system-out><![CDATA[
Before Each
09:24:27.075 [main] INFO  com.endava.extensions.TestREporterExtension - Starting test CalculatorTestIT/[1] 2, 0, 2
09:24:27.110 [main] INFO  com.endava.extensions.TestREporterExtension - Finishing test CalculatorTestIT/[1] 2, 0, 2
After Each

]]></system-out>
  </testcase>
  <testcase name="shouldAddNumberGivenOperand0(int, int, long)[2]" classname="com.endava.calculator.CalculatorTestIT" time="0.003">
    <system-out><![CDATA[
Before Each
09:24:27.121 [main] INFO  com.endava.extensions.TestREporterExtension - Starting test CalculatorTestIT/[2] 0, 2, 2
09:24:27.122 [main] INFO  com.endava.extensions.TestREporterExtension - Finishing test CalculatorTestIT/[2] 0, 2, 2
After Each

]]></system-out>
  </testcase>
  <testcase name="shouldMultiplyMoreThan2Operands(int, int, int,Long)" classname="com.endava.calculator.CalculatorTestIT" time="0.035">
    <error type="org.junit.platform.commons.PreconditionViolationException"><![CDATA[org.junit.platform.commons.PreconditionViolationException: Classpath resource [numberSource2.csv] does not exist
]]></error>
  </testcase>
  <testcase name="shouldAddNoOperands" classname="com.endava.calculator.CalculatorTestIT" time="0.003">
    <system-out><![CDATA[
Before Each
09:24:27.156 [main] INFO  com.endava.extensions.TestREporterExtension - Starting test CalculatorTestIT/shouldAddNoOperands()
09:24:27.158 [main] INFO  com.endava.extensions.TestREporterExtension - Finishing test CalculatorTestIT/shouldAddNoOperands()
After Each

]]></system-out>
  </testcase>
  <testcase name="shouldMultiplyWithNegativeNumbers" classname="com.endava.calculator.CalculatorTestIT" time="0.006">
    <failure type="org.opentest4j.AssertionFailedError"><![CDATA[org.opentest4j.AssertionFailedError: expected: <8> but was: <is a value equal to or greater than <8L>>
	at mavenCalc@1.0-SNAPSHOT/com.endava.calculator.CalculatorTestIT.shouldMultiplyWithNegativeNumbers(CalculatorTestIT.java:149)
]]></failure>
    <system-out><![CDATA[
Before Each
09:24:27.160 [main] INFO  com.endava.extensions.TestREporterExtension - Starting test CalculatorTestIT/shouldMultiplyWithNegativeNumbers()
09:24:27.164 [main] INFO  com.endava.extensions.TestREporterExtension - Finishing test CalculatorTestIT/shouldMultiplyWithNegativeNumbers()
After Each

]]></system-out>
  </testcase>
  <testcase name="shouldFactorialWith0" classname="com.endava.calculator.CalculatorTestIT" time="0.002">
    <failure type="java.lang.AssertionError"><![CDATA[java.lang.AssertionError: 

Expected: is <0>
     but: was <1.0>
	at mavenCalc@1.0-SNAPSHOT/com.endava.calculator.CalculatorTestIT.shouldFactorialWith0(CalculatorTestIT.java:246)
]]></failure>
    <system-out><![CDATA[
Before Each
09:24:27.167 [main] INFO  com.endava.extensions.TestREporterExtension - Starting test CalculatorTestIT/shouldFactorialWith0()
09:24:27.168 [main] INFO  com.endava.extensions.TestREporterExtension - Finishing test CalculatorTestIT/shouldFactorialWith0()
After Each

]]></system-out>
  </testcase>
  <testcase name="shouldFactorialWithPositive" classname="com.endava.calculator.CalculatorTestIT" time="0.003">
    <system-out><![CDATA[
Before Each
09:24:27.172 [main] INFO  com.endava.extensions.TestREporterExtension - Starting test CalculatorTestIT/shouldFactorialWithPositive()
09:24:27.173 [main] INFO  com.endava.extensions.TestREporterExtension - Finishing test CalculatorTestIT/shouldFactorialWithPositive()
After Each

]]></system-out>
  </testcase>
  <testcase name="shouldFactorialWithNegative" classname="com.endava.calculator.CalculatorTestIT" time="0.005">
    <error type="java.lang.IllegalArgumentException"><![CDATA[java.lang.IllegalArgumentException: You can't calculate factorial from a negative number
	at mavenCalc@1.0-SNAPSHOT/com.endava.calculator.CalculatorTestIT.shouldFactorialWithNegative(CalculatorTestIT.java:254)
]]></error>
    <system-out><![CDATA[
Before Each
09:24:27.177 [main] INFO  com.endava.extensions.TestREporterExtension - Starting test CalculatorTestIT/shouldFactorialWithNegative()
09:24:27.179 [main] INFO  com.endava.extensions.TestREporterExtension - Finishing test CalculatorTestIT/shouldFactorialWithNegative()
After Each

]]></system-out>
  </testcase>
  <testcase name="shouldAddMoreThan2Operands(int, int, int, Long)[1]" classname="com.endava.calculator.CalculatorTestIT" time="0.004">
    <system-out><![CDATA[
Before Each
09:24:27.197 [main] INFO  com.endava.extensions.TestREporterExtension - Starting test CalculatorTestIT/[1] 1, 2, 3, 6
09:24:27.199 [main] INFO  com.endava.extensions.TestREporterExtension - Finishing test CalculatorTestIT/[1] 1, 2, 3, 6
After Each

]]></system-out>
  </testcase>
  <testcase name="shouldAddMoreThan2Operands(int, int, int, Long)[2]" classname="com.endava.calculator.CalculatorTestIT" time="0.005">
    <system-out><![CDATA[
Before Each
09:24:27.203 [main] INFO  com.endava.extensions.TestREporterExtension - Starting test CalculatorTestIT/[2] 2, 4, 5, 11
09:24:27.205 [main] INFO  com.endava.extensions.TestREporterExtension - Finishing test CalculatorTestIT/[2] 2, 4, 5, 11
After Each

]]></system-out>
  </testcase>
  <testcase name="shouldAddMoreThan2Operands(int, int, int, Long)[3]" classname="com.endava.calculator.CalculatorTestIT" time="0.004">
    <system-out><![CDATA[
Before Each
09:24:27.306 [main] INFO  com.endava.extensions.TestREporterExtension - Starting test CalculatorTestIT/[3] 1, 2, 3, 6
09:24:27.307 [main] INFO  com.endava.extensions.TestREporterExtension - Finishing test CalculatorTestIT/[3] 1, 2, 3, 6
After Each

]]></system-out>
  </testcase>
  <testcase name="shouldAddMoreThan2Operands(int, int, int, Long)[4]" classname="com.endava.calculator.CalculatorTestIT" time="0.003">
    <system-out><![CDATA[
Before Each
09:24:27.313 [main] INFO  com.endava.extensions.TestREporterExtension - Starting test CalculatorTestIT/[4] 2, 4, 5, 11
09:24:27.314 [main] INFO  com.endava.extensions.TestREporterExtension - Finishing test CalculatorTestIT/[4] 2, 4, 5, 11
After Each

]]></system-out>
  </testcase>
  <testcase name="shouldAddMoreThan2Operands(int, int, int, Long)[5]" classname="com.endava.calculator.CalculatorTestIT" time="0.006">
    <system-out><![CDATA[
Before Each
09:24:27.320 [main] INFO  com.endava.extensions.TestREporterExtension - Starting test CalculatorTestIT/[5] 6, 7, 8, 21
09:24:27.322 [main] INFO  com.endava.extensions.TestREporterExtension - Finishing test CalculatorTestIT/[5] 6, 7, 8, 21
After Each

]]></system-out>
  </testcase>
  <testcase name="shouldMultiply1Operands" classname="com.endava.calculator.CalculatorTestIT" time="0.002">
    <system-out><![CDATA[
Before Each
09:24:27.327 [main] INFO  com.endava.extensions.TestREporterExtension - Starting test CalculatorTestIT/shouldMultiply1Operands()
09:24:27.327 [main] INFO  com.endava.extensions.TestREporterExtension - Finishing test CalculatorTestIT/shouldMultiply1Operands()
After Each

]]></system-out>
  </testcase>
  <testcase name="shouldAdd1Operands" classname="com.endava.calculator.CalculatorTestIT" time="0.002">
    <system-out><![CDATA[
Before Each
09:24:27.331 [main] INFO  com.endava.extensions.TestREporterExtension - Starting test CalculatorTestIT/shouldAdd1Operands()
09:24:27.331 [main] INFO  com.endava.extensions.TestREporterExtension - Finishing test CalculatorTestIT/shouldAdd1Operands()
After Each

]]></system-out>
  </testcase>
  <testcase name="shouldAddNegativeNumbers" classname="com.endava.calculator.CalculatorTestIT" time="0.004">
    <system-out><![CDATA[
Before Each
09:24:27.335 [main] INFO  com.endava.extensions.TestREporterExtension - Starting test CalculatorTestIT/shouldAddNegativeNumbers()
09:24:27.337 [main] INFO  com.endava.extensions.TestREporterExtension - Finishing test CalculatorTestIT/shouldAddNegativeNumbers()
After Each

]]></system-out>
  </testcase>
  <testcase name="shouldUsePowWith0Exponent" classname="com.endava.calculator.CalculatorTestIT" time="0.002">
    <system-out><![CDATA[
Before Each
09:24:27.341 [main] INFO  com.endava.extensions.TestREporterExtension - Starting test CalculatorTestIT/shouldUsePowWith0Exponent()
09:24:27.342 [main] INFO  com.endava.extensions.TestREporterExtension - Finishing test CalculatorTestIT/shouldUsePowWith0Exponent()
After Each

]]></system-out>
  </testcase>
  <testcase name="shouldMultiplyWithGiven0Number" classname="com.endava.calculator.CalculatorTestIT" time="0.002">
    <system-out><![CDATA[
Before Each
09:24:27.345 [main] INFO  com.endava.extensions.TestREporterExtension - Starting test CalculatorTestIT/shouldMultiplyWithGiven0Number()
09:24:27.346 [main] INFO  com.endava.extensions.TestREporterExtension - Finishing test CalculatorTestIT/shouldMultiplyWithGiven0Number()
After Each

]]></system-out>
  </testcase>
  <testcase name="shouldMultiplyBigNumbers" classname="com.endava.calculator.CalculatorTestIT" time="0.002">
    <system-out><![CDATA[
Before Each
09:24:27.349 [main] INFO  com.endava.extensions.TestREporterExtension - Starting test CalculatorTestIT/shouldMultiplyBigNumbers()
09:24:27.349 [main] INFO  com.endava.extensions.TestREporterExtension - Finishing test CalculatorTestIT/shouldMultiplyBigNumbers()
After Each

]]></system-out>
  </testcase>
</testsuite>